{"C:\\Users\\tanis\\OneDrive\\Desktop\\Talview Practice\\Ecommerce Project\\Server\\config\\hasuraClient.js": {"path":"C:\\Users\\tanis\\OneDrive\\Desktop\\Talview Practice\\Ecommerce Project\\Server\\config\\hasuraClient.js","all":false,"statementMap":{"0":{"start":{"line":1,"column":0},"end":{"line":1,"column":48}},"1":{"start":{"line":2,"column":0},"end":{"line":2,"column":28}},"2":{"start":{"line":3,"column":0},"end":{"line":3,"column":0}},"3":{"start":{"line":4,"column":0},"end":{"line":4,"column":16}},"4":{"start":{"line":5,"column":0},"end":{"line":5,"column":0}},"5":{"start":{"line":6,"column":0},"end":{"line":6,"column":77}},"6":{"start":{"line":7,"column":0},"end":{"line":7,"column":87}},"7":{"start":{"line":8,"column":0},"end":{"line":8,"column":0}},"8":{"start":{"line":9,"column":0},"end":{"line":9,"column":67}},"9":{"start":{"line":10,"column":0},"end":{"line":10,"column":12}},"10":{"start":{"line":11,"column":0},"end":{"line":11,"column":49}},"11":{"start":{"line":12,"column":0},"end":{"line":12,"column":4}},"12":{"start":{"line":13,"column":0},"end":{"line":13,"column":3}}},"s":{"0":1,"1":1,"2":1,"3":1,"4":1,"5":1,"6":1,"7":1,"8":1,"9":1,"10":1,"11":1,"12":1},"branchMap":{},"b":{},"fnMap":{},"f":{}}
,"C:\\Users\\tanis\\OneDrive\\Desktop\\Talview Practice\\Ecommerce Project\\Server\\controllers\\user.contollers.js": {"path":"C:\\Users\\tanis\\OneDrive\\Desktop\\Talview Practice\\Ecommerce Project\\Server\\controllers\\user.contollers.js","all":false,"statementMap":{"0":{"start":{"line":1,"column":0},"end":{"line":1,"column":28}},"1":{"start":{"line":2,"column":0},"end":{"line":2,"column":31}},"2":{"start":{"line":3,"column":0},"end":{"line":3,"column":57}},"3":{"start":{"line":4,"column":0},"end":{"line":4,"column":57}},"4":{"start":{"line":5,"column":0},"end":{"line":5,"column":0}},"5":{"start":{"line":6,"column":0},"end":{"line":6,"column":23}},"6":{"start":{"line":7,"column":0},"end":{"line":7,"column":48}},"7":{"start":{"line":8,"column":0},"end":{"line":8,"column":67}},"8":{"start":{"line":9,"column":0},"end":{"line":9,"column":44}},"9":{"start":{"line":10,"column":0},"end":{"line":10,"column":17}},"10":{"start":{"line":11,"column":0},"end":{"line":11,"column":2}},"11":{"start":{"line":12,"column":0},"end":{"line":12,"column":0}},"12":{"start":{"line":13,"column":0},"end":{"line":13,"column":45}},"13":{"start":{"line":14,"column":0},"end":{"line":14,"column":36}},"14":{"start":{"line":15,"column":0},"end":{"line":15,"column":96}},"15":{"start":{"line":16,"column":0},"end":{"line":16,"column":38}},"16":{"start":{"line":17,"column":0},"end":{"line":17,"column":44}},"17":{"start":{"line":18,"column":0},"end":{"line":18,"column":2}},"18":{"start":{"line":19,"column":0},"end":{"line":19,"column":0}},"19":{"start":{"line":20,"column":0},"end":{"line":20,"column":49}},"20":{"start":{"line":21,"column":0},"end":{"line":21,"column":78}},"21":{"start":{"line":22,"column":0},"end":{"line":22,"column":0}},"22":{"start":{"line":23,"column":0},"end":{"line":23,"column":79}},"23":{"start":{"line":24,"column":0},"end":{"line":24,"column":33}},"24":{"start":{"line":25,"column":0},"end":{"line":25,"column":41}},"25":{"start":{"line":26,"column":0},"end":{"line":26,"column":7}},"26":{"start":{"line":27,"column":0},"end":{"line":27,"column":3}},"27":{"start":{"line":28,"column":0},"end":{"line":28,"column":0}},"28":{"start":{"line":29,"column":0},"end":{"line":29,"column":7}},"29":{"start":{"line":30,"column":0},"end":{"line":30,"column":24}},"30":{"start":{"line":31,"column":0},"end":{"line":31,"column":59}},"31":{"start":{"line":32,"column":0},"end":{"line":32,"column":0}},"32":{"start":{"line":33,"column":0},"end":{"line":33,"column":18}},"33":{"start":{"line":34,"column":0},"end":{"line":34,"column":17}},"34":{"start":{"line":35,"column":0},"end":{"line":35,"column":16}},"35":{"start":{"line":36,"column":0},"end":{"line":36,"column":14}},"36":{"start":{"line":37,"column":0},"end":{"line":37,"column":12}},"37":{"start":{"line":38,"column":0},"end":{"line":38,"column":12}},"38":{"start":{"line":39,"column":0},"end":{"line":39,"column":31}},"39":{"start":{"line":40,"column":0},"end":{"line":40,"column":6}},"40":{"start":{"line":41,"column":0},"end":{"line":41,"column":0}},"41":{"start":{"line":42,"column":0},"end":{"line":42,"column":28}},"42":{"start":{"line":43,"column":0},"end":{"line":43,"column":71}},"43":{"start":{"line":44,"column":0},"end":{"line":44,"column":0}},"44":{"start":{"line":45,"column":0},"end":{"line":45,"column":47}},"45":{"start":{"line":46,"column":0},"end":{"line":46,"column":53}},"46":{"start":{"line":47,"column":0},"end":{"line":47,"column":0}},"47":{"start":{"line":48,"column":0},"end":{"line":48,"column":0}},"48":{"start":{"line":49,"column":0},"end":{"line":49,"column":27}},"49":{"start":{"line":50,"column":0},"end":{"line":50,"column":50}},"50":{"start":{"line":51,"column":0},"end":{"line":51,"column":0}},"51":{"start":{"line":52,"column":0},"end":{"line":52,"column":32}},"52":{"start":{"line":53,"column":0},"end":{"line":53,"column":51}},"53":{"start":{"line":54,"column":0},"end":{"line":54,"column":0}},"54":{"start":{"line":55,"column":0},"end":{"line":55,"column":28}},"55":{"start":{"line":56,"column":0},"end":{"line":56,"column":26}},"56":{"start":{"line":57,"column":0},"end":{"line":57,"column":46}},"57":{"start":{"line":58,"column":0},"end":{"line":58,"column":7}},"58":{"start":{"line":59,"column":0},"end":{"line":59,"column":17}},"59":{"start":{"line":60,"column":0},"end":{"line":60,"column":45}},"60":{"start":{"line":61,"column":0},"end":{"line":61,"column":0}},"61":{"start":{"line":62,"column":0},"end":{"line":62,"column":8}},"62":{"start":{"line":63,"column":0},"end":{"line":63,"column":79}},"63":{"start":{"line":64,"column":0},"end":{"line":64,"column":67}},"64":{"start":{"line":65,"column":0},"end":{"line":65,"column":7}},"65":{"start":{"line":66,"column":0},"end":{"line":66,"column":35}},"66":{"start":{"line":67,"column":0},"end":{"line":67,"column":71}},"67":{"start":{"line":68,"column":0},"end":{"line":68,"column":9}},"68":{"start":{"line":69,"column":0},"end":{"line":69,"column":5}},"69":{"start":{"line":70,"column":0},"end":{"line":70,"column":0}},"70":{"start":{"line":71,"column":0},"end":{"line":71,"column":26}},"71":{"start":{"line":72,"column":0},"end":{"line":72,"column":50}},"72":{"start":{"line":73,"column":0},"end":{"line":73,"column":7}},"73":{"start":{"line":74,"column":0},"end":{"line":74,"column":3}},"74":{"start":{"line":75,"column":0},"end":{"line":75,"column":2}}},"s":{"0":1,"1":2,"2":1,"3":1,"4":1,"5":1,"6":1,"7":1,"8":1,"9":1,"10":1,"11":1,"12":1,"13":1,"14":1,"15":1,"16":1,"17":1,"18":1,"19":1,"20":4,"21":4,"22":4,"23":1,"24":1,"25":1,"26":3,"27":3,"28":3,"29":3,"30":3,"31":3,"32":3,"33":3,"34":3,"35":3,"36":3,"37":3,"38":3,"39":3,"40":3,"41":3,"42":3,"43":1,"44":1,"45":1,"46":1,"47":1,"48":1,"49":1,"50":1,"51":1,"52":1,"53":1,"54":1,"55":1,"56":1,"57":1,"58":2,"59":2,"60":2,"61":2,"62":2,"63":2,"64":1,"65":1,"66":1,"67":1,"68":1,"69":1,"70":1,"71":1,"72":1,"73":1,"74":1},"branchMap":{"0":{"type":"branch","line":8,"loc":{"start":{"line":8,"column":49},"end":{"line":8,"column":58}},"locations":[{"start":{"line":8,"column":49},"end":{"line":8,"column":58}}]},"1":{"type":"branch","line":2,"loc":{"start":{"line":2,"column":0},"end":{"line":2,"column":31}},"locations":[{"start":{"line":2,"column":0},"end":{"line":2,"column":31}}]},"2":{"type":"branch","line":2,"loc":{"start":{"line":2,"column":0},"end":{"line":2,"column":31}},"locations":[{"start":{"line":2,"column":0},"end":{"line":2,"column":31}}]},"3":{"type":"branch","line":2,"loc":{"start":{"line":2,"column":0},"end":{"line":2,"column":31}},"locations":[{"start":{"line":2,"column":0},"end":{"line":2,"column":31}}]},"4":{"type":"branch","line":2,"loc":{"start":{"line":2,"column":0},"end":{"line":2,"column":31}},"locations":[{"start":{"line":2,"column":0},"end":{"line":2,"column":31}}]},"5":{"type":"branch","line":2,"loc":{"start":{"line":2,"column":0},"end":{"line":2,"column":31}},"locations":[{"start":{"line":2,"column":0},"end":{"line":2,"column":31}}]},"6":{"type":"branch","line":2,"loc":{"start":{"line":2,"column":0},"end":{"line":2,"column":31}},"locations":[{"start":{"line":2,"column":0},"end":{"line":2,"column":31}}]},"7":{"type":"branch","line":2,"loc":{"start":{"line":2,"column":0},"end":{"line":2,"column":31}},"locations":[{"start":{"line":2,"column":0},"end":{"line":2,"column":31}}]},"8":{"type":"branch","line":2,"loc":{"start":{"line":2,"column":0},"end":{"line":2,"column":31}},"locations":[{"start":{"line":2,"column":0},"end":{"line":2,"column":31}}]},"9":{"type":"branch","line":2,"loc":{"start":{"line":2,"column":0},"end":{"line":2,"column":31}},"locations":[{"start":{"line":2,"column":0},"end":{"line":2,"column":31}}]},"10":{"type":"branch","line":13,"loc":{"start":{"line":13,"column":25},"end":{"line":18,"column":2}},"locations":[{"start":{"line":13,"column":25},"end":{"line":18,"column":2}}]},"11":{"type":"branch","line":20,"loc":{"start":{"line":20,"column":25},"end":{"line":20,"column":28}},"locations":[{"start":{"line":20,"column":25},"end":{"line":20,"column":28}}]},"12":{"type":"branch","line":20,"loc":{"start":{"line":20,"column":28},"end":{"line":73,"column":7}},"locations":[{"start":{"line":20,"column":28},"end":{"line":73,"column":7}}]},"13":{"type":"branch","line":20,"loc":{"start":{"line":20,"column":43},"end":{"line":73,"column":7}},"locations":[{"start":{"line":20,"column":43},"end":{"line":73,"column":7}}]},"14":{"type":"branch","line":20,"loc":{"start":{"line":20,"column":43},"end":{"line":73,"column":7}},"locations":[{"start":{"line":20,"column":43},"end":{"line":73,"column":7}}]},"15":{"type":"branch","line":20,"loc":{"start":{"line":20,"column":43},"end":{"line":26,"column":7}},"locations":[{"start":{"line":20,"column":43},"end":{"line":26,"column":7}}]},"16":{"type":"branch","line":23,"loc":{"start":{"line":23,"column":17},"end":{"line":23,"column":31}},"locations":[{"start":{"line":23,"column":17},"end":{"line":23,"column":31}}]},"17":{"type":"branch","line":23,"loc":{"start":{"line":23,"column":31},"end":{"line":23,"column":43}},"locations":[{"start":{"line":23,"column":31},"end":{"line":23,"column":43}}]},"18":{"type":"branch","line":23,"loc":{"start":{"line":23,"column":43},"end":{"line":23,"column":53}},"locations":[{"start":{"line":23,"column":43},"end":{"line":23,"column":53}}]},"19":{"type":"branch","line":23,"loc":{"start":{"line":23,"column":53},"end":{"line":23,"column":63}},"locations":[{"start":{"line":23,"column":53},"end":{"line":23,"column":63}}]},"20":{"type":"branch","line":23,"loc":{"start":{"line":23,"column":63},"end":{"line":23,"column":76}},"locations":[{"start":{"line":23,"column":63},"end":{"line":23,"column":76}}]},"21":{"type":"branch","line":23,"loc":{"start":{"line":23,"column":76},"end":{"line":23,"column":79}},"locations":[{"start":{"line":23,"column":76},"end":{"line":23,"column":79}}]},"22":{"type":"branch","line":23,"loc":{"start":{"line":23,"column":76},"end":{"line":26,"column":7}},"locations":[{"start":{"line":23,"column":76},"end":{"line":26,"column":7}}]},"23":{"type":"branch","line":26,"loc":{"start":{"line":26,"column":6},"end":{"line":31,"column":59}},"locations":[{"start":{"line":26,"column":6},"end":{"line":31,"column":59}}]},"24":{"type":"branch","line":31,"loc":{"start":{"line":31,"column":58},"end":{"line":43,"column":71}},"locations":[{"start":{"line":31,"column":58},"end":{"line":43,"column":71}}]},"25":{"type":"branch","line":43,"loc":{"start":{"line":43,"column":70},"end":{"line":58,"column":7}},"locations":[{"start":{"line":43,"column":70},"end":{"line":58,"column":7}}]},"26":{"type":"branch","line":59,"loc":{"start":{"line":59,"column":-2},"end":{"line":68,"column":9}},"locations":[{"start":{"line":59,"column":-2},"end":{"line":68,"column":9}}]},"27":{"type":"branch","line":63,"loc":{"start":{"line":63,"column":18},"end":{"line":63,"column":29}},"locations":[{"start":{"line":63,"column":18},"end":{"line":63,"column":29}}]},"28":{"type":"branch","line":63,"loc":{"start":{"line":63,"column":26},"end":{"line":63,"column":29}},"locations":[{"start":{"line":63,"column":26},"end":{"line":63,"column":29}}]},"29":{"type":"branch","line":63,"loc":{"start":{"line":63,"column":26},"end":{"line":63,"column":33}},"locations":[{"start":{"line":63,"column":26},"end":{"line":63,"column":33}}]},"30":{"type":"branch","line":63,"loc":{"start":{"line":63,"column":31},"end":{"line":63,"column":33}},"locations":[{"start":{"line":63,"column":31},"end":{"line":63,"column":33}}]},"31":{"type":"branch","line":63,"loc":{"start":{"line":63,"column":31},"end":{"line":63,"column":45}},"locations":[{"start":{"line":63,"column":31},"end":{"line":63,"column":45}}]},"32":{"type":"branch","line":63,"loc":{"start":{"line":63,"column":43},"end":{"line":63,"column":45}},"locations":[{"start":{"line":63,"column":43},"end":{"line":63,"column":45}}]},"33":{"type":"branch","line":63,"loc":{"start":{"line":63,"column":43},"end":{"line":63,"column":45}},"locations":[{"start":{"line":63,"column":43},"end":{"line":63,"column":45}}]},"34":{"type":"branch","line":63,"loc":{"start":{"line":63,"column":43},"end":{"line":63,"column":49}},"locations":[{"start":{"line":63,"column":43},"end":{"line":63,"column":49}}]},"35":{"type":"branch","line":63,"loc":{"start":{"line":63,"column":76},"end":{"line":64,"column":30}},"locations":[{"start":{"line":63,"column":76},"end":{"line":64,"column":30}}]},"36":{"type":"branch","line":64,"loc":{"start":{"line":64,"column":28},"end":{"line":64,"column":30}},"locations":[{"start":{"line":64,"column":28},"end":{"line":64,"column":30}}]},"37":{"type":"branch","line":64,"loc":{"start":{"line":64,"column":28},"end":{"line":64,"column":67}},"locations":[{"start":{"line":64,"column":28},"end":{"line":64,"column":67}}]},"38":{"type":"branch","line":65,"loc":{"start":{"line":65,"column":-2},"end":{"line":68,"column":9}},"locations":[{"start":{"line":65,"column":-2},"end":{"line":68,"column":9}}]},"39":{"type":"branch","line":68,"loc":{"start":{"line":68,"column":8},"end":{"line":73,"column":7}},"locations":[{"start":{"line":68,"column":8},"end":{"line":73,"column":7}}]}},"b":{"0":[0],"1":[10],"2":[0],"3":[4],"4":[6],"5":[1],"6":[4],"7":[4],"8":[8],"9":[2],"10":[1],"11":[1],"12":[4],"13":[12],"14":[17],"15":[4],"16":[3],"17":[3],"18":[3],"19":[3],"20":[3],"21":[3],"22":[1],"23":[3],"24":[3],"25":[1],"26":[2],"27":[1],"28":[1],"29":[1],"30":[1],"31":[1],"32":[1],"33":[1],"34":[1],"35":[1],"36":[1],"37":[1],"38":[1],"39":[1]},"fnMap":{"0":{"name":"asyncGeneratorStep","decl":{"start":{"line":2,"column":0},"end":{"line":2,"column":31}},"loc":{"start":{"line":2,"column":0},"end":{"line":2,"column":31}},"line":2},"1":{"name":"_asyncToGenerator","decl":{"start":{"line":2,"column":0},"end":{"line":2,"column":31}},"loc":{"start":{"line":2,"column":0},"end":{"line":2,"column":31}},"line":2},"2":{"name":"_next","decl":{"start":{"line":2,"column":0},"end":{"line":2,"column":31}},"loc":{"start":{"line":2,"column":0},"end":{"line":2,"column":31}},"line":2},"3":{"name":"_throw","decl":{"start":{"line":2,"column":0},"end":{"line":2,"column":31}},"loc":{"start":{"line":2,"column":0},"end":{"line":2,"column":31}},"line":2},"4":{"name":"generateJWTToken","decl":{"start":{"line":13,"column":25},"end":{"line":18,"column":2}},"loc":{"start":{"line":13,"column":25},"end":{"line":18,"column":2}},"line":13},"5":{"name":"_callee","decl":{"start":{"line":20,"column":28},"end":{"line":73,"column":7}},"loc":{"start":{"line":20,"column":28},"end":{"line":73,"column":7}},"line":20},"6":{"name":"_callee$","decl":{"start":{"line":20,"column":43},"end":{"line":73,"column":7}},"loc":{"start":{"line":20,"column":43},"end":{"line":73,"column":7}},"line":20}},"f":{"0":10,"1":1,"2":8,"3":2,"4":1,"5":4,"6":12}}
,"C:\\Users\\tanis\\OneDrive\\Desktop\\Talview Practice\\Ecommerce Project\\Server\\queries\\user.queries.js": {"path":"C:\\Users\\tanis\\OneDrive\\Desktop\\Talview Practice\\Ecommerce Project\\Server\\queries\\user.queries.js","all":false,"statementMap":{"0":{"start":{"line":1,"column":0},"end":{"line":1,"column":38}},"1":{"start":{"line":2,"column":0},"end":{"line":2,"column":0}},"2":{"start":{"line":3,"column":0},"end":{"line":3,"column":31}},"3":{"start":{"line":4,"column":0},"end":{"line":4,"column":47}},"4":{"start":{"line":5,"column":0},"end":{"line":5,"column":37}},"5":{"start":{"line":6,"column":0},"end":{"line":6,"column":17}},"6":{"start":{"line":7,"column":0},"end":{"line":7,"column":13}},"7":{"start":{"line":8,"column":0},"end":{"line":8,"column":5}},"8":{"start":{"line":9,"column":0},"end":{"line":9,"column":3}},"9":{"start":{"line":10,"column":0},"end":{"line":10,"column":2}}},"s":{"0":1,"1":1,"2":1,"3":1,"4":1,"5":1,"6":1,"7":1,"8":1,"9":1},"branchMap":{},"b":{},"fnMap":{},"f":{}}
}
