{"C:\\Users\\tanis\\OneDrive\\Desktop\\Talview Practice\\Ecommerce Project\\Server\\config\\hasuraClient.js": {"path":"C:\\Users\\tanis\\OneDrive\\Desktop\\Talview Practice\\Ecommerce Project\\Server\\config\\hasuraClient.js","all":false,"statementMap":{"0":{"start":{"line":1,"column":0},"end":{"line":1,"column":48}},"1":{"start":{"line":2,"column":0},"end":{"line":2,"column":28}},"2":{"start":{"line":3,"column":0},"end":{"line":3,"column":0}},"3":{"start":{"line":4,"column":0},"end":{"line":4,"column":16}},"4":{"start":{"line":5,"column":0},"end":{"line":5,"column":0}},"5":{"start":{"line":6,"column":0},"end":{"line":6,"column":77}},"6":{"start":{"line":7,"column":0},"end":{"line":7,"column":87}},"7":{"start":{"line":8,"column":0},"end":{"line":8,"column":0}},"8":{"start":{"line":9,"column":0},"end":{"line":9,"column":67}},"9":{"start":{"line":10,"column":0},"end":{"line":10,"column":12}},"10":{"start":{"line":11,"column":0},"end":{"line":11,"column":49}},"11":{"start":{"line":12,"column":0},"end":{"line":12,"column":4}},"12":{"start":{"line":13,"column":0},"end":{"line":13,"column":3}}},"s":{"0":1,"1":1,"2":1,"3":1,"4":1,"5":1,"6":1,"7":1,"8":1,"9":1,"10":1,"11":1,"12":1},"branchMap":{},"b":{},"fnMap":{},"f":{}}
,"C:\\Users\\tanis\\OneDrive\\Desktop\\Talview Practice\\Ecommerce Project\\Server\\controllers\\user.contollers.js": {"path":"C:\\Users\\tanis\\OneDrive\\Desktop\\Talview Practice\\Ecommerce Project\\Server\\controllers\\user.contollers.js","all":false,"statementMap":{"0":{"start":{"line":1,"column":0},"end":{"line":1,"column":28}},"1":{"start":{"line":2,"column":0},"end":{"line":2,"column":31}},"2":{"start":{"line":3,"column":0},"end":{"line":3,"column":57}},"3":{"start":{"line":4,"column":0},"end":{"line":4,"column":64}},"4":{"start":{"line":5,"column":0},"end":{"line":5,"column":0}},"5":{"start":{"line":6,"column":0},"end":{"line":6,"column":23}},"6":{"start":{"line":7,"column":0},"end":{"line":7,"column":48}},"7":{"start":{"line":8,"column":0},"end":{"line":8,"column":67}},"8":{"start":{"line":9,"column":0},"end":{"line":9,"column":44}},"9":{"start":{"line":10,"column":0},"end":{"line":10,"column":17}},"10":{"start":{"line":11,"column":0},"end":{"line":11,"column":2}},"11":{"start":{"line":12,"column":0},"end":{"line":12,"column":0}},"12":{"start":{"line":13,"column":0},"end":{"line":13,"column":45}},"13":{"start":{"line":14,"column":0},"end":{"line":14,"column":36}},"14":{"start":{"line":15,"column":0},"end":{"line":15,"column":96}},"15":{"start":{"line":16,"column":0},"end":{"line":16,"column":38}},"16":{"start":{"line":17,"column":0},"end":{"line":17,"column":44}},"17":{"start":{"line":18,"column":0},"end":{"line":18,"column":2}},"18":{"start":{"line":19,"column":0},"end":{"line":19,"column":0}},"19":{"start":{"line":20,"column":0},"end":{"line":20,"column":50}},"20":{"start":{"line":21,"column":0},"end":{"line":21,"column":57}},"21":{"start":{"line":22,"column":0},"end":{"line":22,"column":0}},"22":{"start":{"line":23,"column":0},"end":{"line":23,"column":16}},"23":{"start":{"line":24,"column":0},"end":{"line":24,"column":2}},"24":{"start":{"line":25,"column":0},"end":{"line":25,"column":0}},"25":{"start":{"line":26,"column":0},"end":{"line":26,"column":49}},"26":{"start":{"line":27,"column":0},"end":{"line":27,"column":78}},"27":{"start":{"line":28,"column":0},"end":{"line":28,"column":0}},"28":{"start":{"line":29,"column":0},"end":{"line":29,"column":79}},"29":{"start":{"line":30,"column":0},"end":{"line":30,"column":33}},"30":{"start":{"line":31,"column":0},"end":{"line":31,"column":41}},"31":{"start":{"line":32,"column":0},"end":{"line":32,"column":7}},"32":{"start":{"line":33,"column":0},"end":{"line":33,"column":3}},"33":{"start":{"line":34,"column":0},"end":{"line":34,"column":0}},"34":{"start":{"line":35,"column":0},"end":{"line":35,"column":7}},"35":{"start":{"line":36,"column":0},"end":{"line":36,"column":24}},"36":{"start":{"line":37,"column":0},"end":{"line":37,"column":59}},"37":{"start":{"line":38,"column":0},"end":{"line":38,"column":0}},"38":{"start":{"line":39,"column":0},"end":{"line":39,"column":18}},"39":{"start":{"line":40,"column":0},"end":{"line":40,"column":17}},"40":{"start":{"line":41,"column":0},"end":{"line":41,"column":16}},"41":{"start":{"line":42,"column":0},"end":{"line":42,"column":14}},"42":{"start":{"line":43,"column":0},"end":{"line":43,"column":12}},"43":{"start":{"line":44,"column":0},"end":{"line":44,"column":12}},"44":{"start":{"line":45,"column":0},"end":{"line":45,"column":31}},"45":{"start":{"line":46,"column":0},"end":{"line":46,"column":6}},"46":{"start":{"line":47,"column":0},"end":{"line":47,"column":0}},"47":{"start":{"line":48,"column":0},"end":{"line":48,"column":28}},"48":{"start":{"line":49,"column":0},"end":{"line":49,"column":71}},"49":{"start":{"line":50,"column":0},"end":{"line":50,"column":0}},"50":{"start":{"line":51,"column":0},"end":{"line":51,"column":47}},"51":{"start":{"line":52,"column":0},"end":{"line":52,"column":53}},"52":{"start":{"line":53,"column":0},"end":{"line":53,"column":0}},"53":{"start":{"line":54,"column":0},"end":{"line":54,"column":27}},"54":{"start":{"line":55,"column":0},"end":{"line":55,"column":50}},"55":{"start":{"line":56,"column":0},"end":{"line":56,"column":0}},"56":{"start":{"line":57,"column":0},"end":{"line":57,"column":32}},"57":{"start":{"line":58,"column":0},"end":{"line":58,"column":51}},"58":{"start":{"line":59,"column":0},"end":{"line":59,"column":0}},"59":{"start":{"line":60,"column":0},"end":{"line":60,"column":28}},"60":{"start":{"line":61,"column":0},"end":{"line":61,"column":26}},"61":{"start":{"line":62,"column":0},"end":{"line":62,"column":46}},"62":{"start":{"line":63,"column":0},"end":{"line":63,"column":7}},"63":{"start":{"line":64,"column":0},"end":{"line":64,"column":17}},"64":{"start":{"line":65,"column":0},"end":{"line":65,"column":45}},"65":{"start":{"line":66,"column":0},"end":{"line":66,"column":0}},"66":{"start":{"line":67,"column":0},"end":{"line":67,"column":8}},"67":{"start":{"line":68,"column":0},"end":{"line":68,"column":79}},"68":{"start":{"line":69,"column":0},"end":{"line":69,"column":67}},"69":{"start":{"line":70,"column":0},"end":{"line":70,"column":7}},"70":{"start":{"line":71,"column":0},"end":{"line":71,"column":35}},"71":{"start":{"line":72,"column":0},"end":{"line":72,"column":71}},"72":{"start":{"line":73,"column":0},"end":{"line":73,"column":9}},"73":{"start":{"line":74,"column":0},"end":{"line":74,"column":5}},"74":{"start":{"line":75,"column":0},"end":{"line":75,"column":0}},"75":{"start":{"line":76,"column":0},"end":{"line":76,"column":26}},"76":{"start":{"line":77,"column":0},"end":{"line":77,"column":50}},"77":{"start":{"line":78,"column":0},"end":{"line":78,"column":7}},"78":{"start":{"line":79,"column":0},"end":{"line":79,"column":3}},"79":{"start":{"line":80,"column":0},"end":{"line":80,"column":2}},"80":{"start":{"line":81,"column":0},"end":{"line":81,"column":0}},"81":{"start":{"line":82,"column":0},"end":{"line":82,"column":46}},"82":{"start":{"line":83,"column":0},"end":{"line":83,"column":39}},"83":{"start":{"line":84,"column":0},"end":{"line":84,"column":0}},"84":{"start":{"line":85,"column":0},"end":{"line":85,"column":24}},"85":{"start":{"line":86,"column":0},"end":{"line":86,"column":28}},"86":{"start":{"line":87,"column":0},"end":{"line":87,"column":33}},"87":{"start":{"line":88,"column":0},"end":{"line":88,"column":41}},"88":{"start":{"line":89,"column":0},"end":{"line":89,"column":7}},"89":{"start":{"line":90,"column":0},"end":{"line":90,"column":3}},"90":{"start":{"line":91,"column":0},"end":{"line":91,"column":0}},"91":{"start":{"line":92,"column":0},"end":{"line":92,"column":7}},"92":{"start":{"line":93,"column":0},"end":{"line":93,"column":35}},"93":{"start":{"line":94,"column":0},"end":{"line":94,"column":66}},"94":{"start":{"line":95,"column":0},"end":{"line":95,"column":0}},"95":{"start":{"line":96,"column":0},"end":{"line":96,"column":57}},"96":{"start":{"line":97,"column":0},"end":{"line":97,"column":51}},"97":{"start":{"line":98,"column":0},"end":{"line":98,"column":35}},"98":{"start":{"line":99,"column":0},"end":{"line":99,"column":34}},"99":{"start":{"line":100,"column":0},"end":{"line":100,"column":9}},"100":{"start":{"line":101,"column":0},"end":{"line":101,"column":5}},"101":{"start":{"line":102,"column":0},"end":{"line":102,"column":0}},"102":{"start":{"line":103,"column":0},"end":{"line":103,"column":51}},"103":{"start":{"line":104,"column":0},"end":{"line":104,"column":0}},"104":{"start":{"line":105,"column":0},"end":{"line":105,"column":23}},"105":{"start":{"line":106,"column":0},"end":{"line":106,"column":40}},"106":{"start":{"line":107,"column":0},"end":{"line":107,"column":35}},"107":{"start":{"line":108,"column":0},"end":{"line":108,"column":38}},"108":{"start":{"line":109,"column":0},"end":{"line":109,"column":9}},"109":{"start":{"line":110,"column":0},"end":{"line":110,"column":5}},"110":{"start":{"line":111,"column":0},"end":{"line":111,"column":0}},"111":{"start":{"line":112,"column":0},"end":{"line":112,"column":50}},"112":{"start":{"line":113,"column":0},"end":{"line":113,"column":0}},"113":{"start":{"line":114,"column":0},"end":{"line":114,"column":49}},"114":{"start":{"line":115,"column":0},"end":{"line":115,"column":39}},"115":{"start":{"line":116,"column":0},"end":{"line":116,"column":0}},"116":{"start":{"line":117,"column":0},"end":{"line":117,"column":71}},"117":{"start":{"line":118,"column":0},"end":{"line":118,"column":53}},"118":{"start":{"line":119,"column":0},"end":{"line":119,"column":0}},"119":{"start":{"line":120,"column":0},"end":{"line":120,"column":35}},"120":{"start":{"line":121,"column":0},"end":{"line":121,"column":36}},"121":{"start":{"line":122,"column":0},"end":{"line":122,"column":9}},"122":{"start":{"line":123,"column":0},"end":{"line":123,"column":12}},"123":{"start":{"line":124,"column":0},"end":{"line":124,"column":36}},"124":{"start":{"line":125,"column":0},"end":{"line":125,"column":35}},"125":{"start":{"line":126,"column":0},"end":{"line":126,"column":38}},"126":{"start":{"line":127,"column":0},"end":{"line":127,"column":9}},"127":{"start":{"line":128,"column":0},"end":{"line":128,"column":5}},"128":{"start":{"line":129,"column":0},"end":{"line":129,"column":17}},"129":{"start":{"line":130,"column":0},"end":{"line":130,"column":55}},"130":{"start":{"line":131,"column":0},"end":{"line":131,"column":33}},"131":{"start":{"line":132,"column":0},"end":{"line":132,"column":39}},"132":{"start":{"line":133,"column":0},"end":{"line":133,"column":7}},"133":{"start":{"line":134,"column":0},"end":{"line":134,"column":3}},"134":{"start":{"line":135,"column":0},"end":{"line":135,"column":2}}},"s":{"0":1,"1":3,"2":1,"3":1,"4":1,"5":1,"6":1,"7":1,"8":1,"9":1,"10":1,"11":1,"12":1,"13":2,"14":2,"15":2,"16":2,"17":2,"18":1,"19":1,"20":2,"21":2,"22":2,"23":2,"24":1,"25":1,"26":4,"27":4,"28":4,"29":1,"30":1,"31":1,"32":3,"33":3,"34":3,"35":3,"36":3,"37":3,"38":3,"39":3,"40":3,"41":3,"42":3,"43":3,"44":3,"45":3,"46":3,"47":3,"48":3,"49":1,"50":1,"51":1,"52":1,"53":1,"54":1,"55":1,"56":1,"57":1,"58":1,"59":1,"60":1,"61":1,"62":1,"63":2,"64":2,"65":2,"66":2,"67":2,"68":2,"69":1,"70":1,"71":1,"72":1,"73":1,"74":1,"75":1,"76":1,"77":1,"78":1,"79":1,"80":1,"81":1,"82":6,"83":6,"84":6,"85":6,"86":1,"87":1,"88":1,"89":5,"90":5,"91":5,"92":5,"93":5,"94":4,"95":4,"96":1,"97":1,"98":1,"99":1,"100":3,"101":3,"102":3,"103":3,"104":3,"105":1,"106":1,"107":1,"108":1,"109":2,"110":2,"111":2,"112":2,"113":2,"114":1,"115":1,"116":1,"117":1,"118":1,"119":1,"120":1,"121":1,"122":1,"123":1,"124":1,"125":1,"126":1,"127":1,"128":1,"129":1,"130":1,"131":1,"132":1,"133":1,"134":1},"branchMap":{"0":{"type":"branch","line":8,"loc":{"start":{"line":8,"column":49},"end":{"line":8,"column":58}},"locations":[{"start":{"line":8,"column":49},"end":{"line":8,"column":58}}]},"1":{"type":"branch","line":2,"loc":{"start":{"line":2,"column":0},"end":{"line":2,"column":31}},"locations":[{"start":{"line":2,"column":0},"end":{"line":2,"column":31}}]},"2":{"type":"branch","line":2,"loc":{"start":{"line":2,"column":0},"end":{"line":2,"column":31}},"locations":[{"start":{"line":2,"column":0},"end":{"line":2,"column":31}}]},"3":{"type":"branch","line":2,"loc":{"start":{"line":2,"column":0},"end":{"line":2,"column":31}},"locations":[{"start":{"line":2,"column":0},"end":{"line":2,"column":31}}]},"4":{"type":"branch","line":2,"loc":{"start":{"line":2,"column":0},"end":{"line":2,"column":31}},"locations":[{"start":{"line":2,"column":0},"end":{"line":2,"column":31}}]},"5":{"type":"branch","line":2,"loc":{"start":{"line":2,"column":0},"end":{"line":2,"column":31}},"locations":[{"start":{"line":2,"column":0},"end":{"line":2,"column":31}}]},"6":{"type":"branch","line":2,"loc":{"start":{"line":2,"column":0},"end":{"line":2,"column":31}},"locations":[{"start":{"line":2,"column":0},"end":{"line":2,"column":31}}]},"7":{"type":"branch","line":2,"loc":{"start":{"line":2,"column":0},"end":{"line":2,"column":31}},"locations":[{"start":{"line":2,"column":0},"end":{"line":2,"column":31}}]},"8":{"type":"branch","line":2,"loc":{"start":{"line":2,"column":0},"end":{"line":2,"column":31}},"locations":[{"start":{"line":2,"column":0},"end":{"line":2,"column":31}}]},"9":{"type":"branch","line":2,"loc":{"start":{"line":2,"column":0},"end":{"line":2,"column":31}},"locations":[{"start":{"line":2,"column":0},"end":{"line":2,"column":31}}]},"10":{"type":"branch","line":13,"loc":{"start":{"line":13,"column":25},"end":{"line":18,"column":2}},"locations":[{"start":{"line":13,"column":25},"end":{"line":18,"column":2}}]},"11":{"type":"branch","line":20,"loc":{"start":{"line":20,"column":24},"end":{"line":24,"column":2}},"locations":[{"start":{"line":20,"column":24},"end":{"line":24,"column":2}}]},"12":{"type":"branch","line":26,"loc":{"start":{"line":26,"column":25},"end":{"line":26,"column":28}},"locations":[{"start":{"line":26,"column":25},"end":{"line":26,"column":28}}]},"13":{"type":"branch","line":26,"loc":{"start":{"line":26,"column":28},"end":{"line":78,"column":7}},"locations":[{"start":{"line":26,"column":28},"end":{"line":78,"column":7}}]},"14":{"type":"branch","line":26,"loc":{"start":{"line":26,"column":43},"end":{"line":78,"column":7}},"locations":[{"start":{"line":26,"column":43},"end":{"line":78,"column":7}}]},"15":{"type":"branch","line":26,"loc":{"start":{"line":26,"column":43},"end":{"line":78,"column":7}},"locations":[{"start":{"line":26,"column":43},"end":{"line":78,"column":7}}]},"16":{"type":"branch","line":26,"loc":{"start":{"line":26,"column":43},"end":{"line":32,"column":7}},"locations":[{"start":{"line":26,"column":43},"end":{"line":32,"column":7}}]},"17":{"type":"branch","line":29,"loc":{"start":{"line":29,"column":17},"end":{"line":29,"column":31}},"locations":[{"start":{"line":29,"column":17},"end":{"line":29,"column":31}}]},"18":{"type":"branch","line":29,"loc":{"start":{"line":29,"column":31},"end":{"line":29,"column":43}},"locations":[{"start":{"line":29,"column":31},"end":{"line":29,"column":43}}]},"19":{"type":"branch","line":29,"loc":{"start":{"line":29,"column":43},"end":{"line":29,"column":53}},"locations":[{"start":{"line":29,"column":43},"end":{"line":29,"column":53}}]},"20":{"type":"branch","line":29,"loc":{"start":{"line":29,"column":53},"end":{"line":29,"column":63}},"locations":[{"start":{"line":29,"column":53},"end":{"line":29,"column":63}}]},"21":{"type":"branch","line":29,"loc":{"start":{"line":29,"column":63},"end":{"line":29,"column":76}},"locations":[{"start":{"line":29,"column":63},"end":{"line":29,"column":76}}]},"22":{"type":"branch","line":29,"loc":{"start":{"line":29,"column":76},"end":{"line":29,"column":79}},"locations":[{"start":{"line":29,"column":76},"end":{"line":29,"column":79}}]},"23":{"type":"branch","line":29,"loc":{"start":{"line":29,"column":76},"end":{"line":32,"column":7}},"locations":[{"start":{"line":29,"column":76},"end":{"line":32,"column":7}}]},"24":{"type":"branch","line":32,"loc":{"start":{"line":32,"column":6},"end":{"line":37,"column":59}},"locations":[{"start":{"line":32,"column":6},"end":{"line":37,"column":59}}]},"25":{"type":"branch","line":37,"loc":{"start":{"line":37,"column":58},"end":{"line":49,"column":71}},"locations":[{"start":{"line":37,"column":58},"end":{"line":49,"column":71}}]},"26":{"type":"branch","line":49,"loc":{"start":{"line":49,"column":70},"end":{"line":63,"column":7}},"locations":[{"start":{"line":49,"column":70},"end":{"line":63,"column":7}}]},"27":{"type":"branch","line":64,"loc":{"start":{"line":64,"column":-2},"end":{"line":73,"column":9}},"locations":[{"start":{"line":64,"column":-2},"end":{"line":73,"column":9}}]},"28":{"type":"branch","line":68,"loc":{"start":{"line":68,"column":18},"end":{"line":68,"column":29}},"locations":[{"start":{"line":68,"column":18},"end":{"line":68,"column":29}}]},"29":{"type":"branch","line":68,"loc":{"start":{"line":68,"column":26},"end":{"line":68,"column":29}},"locations":[{"start":{"line":68,"column":26},"end":{"line":68,"column":29}}]},"30":{"type":"branch","line":68,"loc":{"start":{"line":68,"column":26},"end":{"line":68,"column":33}},"locations":[{"start":{"line":68,"column":26},"end":{"line":68,"column":33}}]},"31":{"type":"branch","line":68,"loc":{"start":{"line":68,"column":31},"end":{"line":68,"column":33}},"locations":[{"start":{"line":68,"column":31},"end":{"line":68,"column":33}}]},"32":{"type":"branch","line":68,"loc":{"start":{"line":68,"column":31},"end":{"line":68,"column":45}},"locations":[{"start":{"line":68,"column":31},"end":{"line":68,"column":45}}]},"33":{"type":"branch","line":68,"loc":{"start":{"line":68,"column":43},"end":{"line":68,"column":45}},"locations":[{"start":{"line":68,"column":43},"end":{"line":68,"column":45}}]},"34":{"type":"branch","line":68,"loc":{"start":{"line":68,"column":43},"end":{"line":68,"column":45}},"locations":[{"start":{"line":68,"column":43},"end":{"line":68,"column":45}}]},"35":{"type":"branch","line":68,"loc":{"start":{"line":68,"column":43},"end":{"line":68,"column":49}},"locations":[{"start":{"line":68,"column":43},"end":{"line":68,"column":49}}]},"36":{"type":"branch","line":68,"loc":{"start":{"line":68,"column":76},"end":{"line":69,"column":30}},"locations":[{"start":{"line":68,"column":76},"end":{"line":69,"column":30}}]},"37":{"type":"branch","line":69,"loc":{"start":{"line":69,"column":28},"end":{"line":69,"column":30}},"locations":[{"start":{"line":69,"column":28},"end":{"line":69,"column":30}}]},"38":{"type":"branch","line":69,"loc":{"start":{"line":69,"column":28},"end":{"line":69,"column":67}},"locations":[{"start":{"line":69,"column":28},"end":{"line":69,"column":67}}]},"39":{"type":"branch","line":70,"loc":{"start":{"line":70,"column":-2},"end":{"line":73,"column":9}},"locations":[{"start":{"line":70,"column":-2},"end":{"line":73,"column":9}}]},"40":{"type":"branch","line":73,"loc":{"start":{"line":73,"column":8},"end":{"line":78,"column":7}},"locations":[{"start":{"line":73,"column":8},"end":{"line":78,"column":7}}]},"41":{"type":"branch","line":82,"loc":{"start":{"line":82,"column":22},"end":{"line":82,"column":25}},"locations":[{"start":{"line":82,"column":22},"end":{"line":82,"column":25}}]},"42":{"type":"branch","line":82,"loc":{"start":{"line":82,"column":25},"end":{"line":133,"column":7}},"locations":[{"start":{"line":82,"column":25},"end":{"line":133,"column":7}}]},"43":{"type":"branch","line":82,"loc":{"start":{"line":82,"column":40},"end":{"line":133,"column":7}},"locations":[{"start":{"line":82,"column":40},"end":{"line":133,"column":7}}]},"44":{"type":"branch","line":82,"loc":{"start":{"line":82,"column":40},"end":{"line":133,"column":7}},"locations":[{"start":{"line":82,"column":40},"end":{"line":133,"column":7}}]},"45":{"type":"branch","line":82,"loc":{"start":{"line":82,"column":40},"end":{"line":89,"column":7}},"locations":[{"start":{"line":82,"column":40},"end":{"line":89,"column":7}}]},"46":{"type":"branch","line":86,"loc":{"start":{"line":86,"column":12},"end":{"line":86,"column":25}},"locations":[{"start":{"line":86,"column":12},"end":{"line":86,"column":25}}]},"47":{"type":"branch","line":86,"loc":{"start":{"line":86,"column":25},"end":{"line":86,"column":28}},"locations":[{"start":{"line":86,"column":25},"end":{"line":86,"column":28}}]},"48":{"type":"branch","line":86,"loc":{"start":{"line":86,"column":25},"end":{"line":89,"column":7}},"locations":[{"start":{"line":86,"column":25},"end":{"line":89,"column":7}}]},"49":{"type":"branch","line":89,"loc":{"start":{"line":89,"column":6},"end":{"line":94,"column":66}},"locations":[{"start":{"line":89,"column":6},"end":{"line":94,"column":66}}]},"50":{"type":"branch","line":94,"loc":{"start":{"line":94,"column":65},"end":{"line":100,"column":9}},"locations":[{"start":{"line":94,"column":65},"end":{"line":100,"column":9}}]},"51":{"type":"branch","line":96,"loc":{"start":{"line":96,"column":54},"end":{"line":96,"column":57}},"locations":[{"start":{"line":96,"column":54},"end":{"line":96,"column":57}}]},"52":{"type":"branch","line":96,"loc":{"start":{"line":96,"column":54},"end":{"line":100,"column":9}},"locations":[{"start":{"line":96,"column":54},"end":{"line":100,"column":9}}]},"53":{"type":"branch","line":100,"loc":{"start":{"line":100,"column":8},"end":{"line":109,"column":9}},"locations":[{"start":{"line":100,"column":8},"end":{"line":109,"column":9}}]},"54":{"type":"branch","line":105,"loc":{"start":{"line":105,"column":20},"end":{"line":105,"column":23}},"locations":[{"start":{"line":105,"column":20},"end":{"line":105,"column":23}}]},"55":{"type":"branch","line":105,"loc":{"start":{"line":105,"column":20},"end":{"line":109,"column":9}},"locations":[{"start":{"line":105,"column":20},"end":{"line":109,"column":9}}]},"56":{"type":"branch","line":109,"loc":{"start":{"line":109,"column":8},"end":{"line":122,"column":9}},"locations":[{"start":{"line":109,"column":8},"end":{"line":122,"column":9}}]},"57":{"type":"branch","line":114,"loc":{"start":{"line":114,"column":46},"end":{"line":122,"column":9}},"locations":[{"start":{"line":114,"column":46},"end":{"line":122,"column":9}}]},"58":{"type":"branch","line":122,"loc":{"start":{"line":122,"column":8},"end":{"line":127,"column":9}},"locations":[{"start":{"line":122,"column":8},"end":{"line":127,"column":9}}]},"59":{"type":"branch","line":127,"loc":{"start":{"line":127,"column":8},"end":{"line":127,"column":9}},"locations":[{"start":{"line":127,"column":8},"end":{"line":127,"column":9}}]},"60":{"type":"branch","line":127,"loc":{"start":{"line":127,"column":8},"end":{"line":133,"column":7}},"locations":[{"start":{"line":127,"column":8},"end":{"line":133,"column":7}}]},"61":{"type":"branch","line":133,"loc":{"start":{"line":133,"column":6},"end":{"line":133,"column":7}},"locations":[{"start":{"line":133,"column":6},"end":{"line":133,"column":7}}]},"62":{"type":"branch","line":133,"loc":{"start":{"line":133,"column":6},"end":{"line":133,"column":7}},"locations":[{"start":{"line":133,"column":6},"end":{"line":133,"column":7}}]}},"b":{"0":[0],"1":[21],"2":[0],"3":[10],"4":[11],"5":[2],"6":[10],"7":[10],"8":[18],"9":[3],"10":[2],"11":[2],"12":[1],"13":[4],"14":[12],"15":[17],"16":[4],"17":[3],"18":[3],"19":[3],"20":[3],"21":[3],"22":[3],"23":[1],"24":[3],"25":[3],"26":[1],"27":[2],"28":[1],"29":[1],"30":[1],"31":[1],"32":[1],"33":[1],"34":[1],"35":[1],"36":[1],"37":[1],"38":[1],"39":[1],"40":[1],"41":[1],"42":[6],"43":[17],"44":[28],"45":[6],"46":[5],"47":[5],"48":[1],"49":[5],"50":[4],"51":[3],"52":[1],"53":[3],"54":[2],"55":[1],"56":[2],"57":[1],"58":[1],"59":[0],"60":[1],"61":[0],"62":[6]},"fnMap":{"0":{"name":"asyncGeneratorStep","decl":{"start":{"line":2,"column":0},"end":{"line":2,"column":31}},"loc":{"start":{"line":2,"column":0},"end":{"line":2,"column":31}},"line":2},"1":{"name":"_asyncToGenerator","decl":{"start":{"line":2,"column":0},"end":{"line":2,"column":31}},"loc":{"start":{"line":2,"column":0},"end":{"line":2,"column":31}},"line":2},"2":{"name":"_next","decl":{"start":{"line":2,"column":0},"end":{"line":2,"column":31}},"loc":{"start":{"line":2,"column":0},"end":{"line":2,"column":31}},"line":2},"3":{"name":"_throw","decl":{"start":{"line":2,"column":0},"end":{"line":2,"column":31}},"loc":{"start":{"line":2,"column":0},"end":{"line":2,"column":31}},"line":2},"4":{"name":"generateJWTToken","decl":{"start":{"line":13,"column":25},"end":{"line":18,"column":2}},"loc":{"start":{"line":13,"column":25},"end":{"line":18,"column":2}},"line":13},"5":{"name":"comparePassword","decl":{"start":{"line":20,"column":24},"end":{"line":24,"column":2}},"loc":{"start":{"line":20,"column":24},"end":{"line":24,"column":2}},"line":20},"6":{"name":"_callee","decl":{"start":{"line":26,"column":28},"end":{"line":78,"column":7}},"loc":{"start":{"line":26,"column":28},"end":{"line":78,"column":7}},"line":26},"7":{"name":"_callee$","decl":{"start":{"line":26,"column":43},"end":{"line":78,"column":7}},"loc":{"start":{"line":26,"column":43},"end":{"line":78,"column":7}},"line":26},"8":{"name":"_callee2","decl":{"start":{"line":82,"column":25},"end":{"line":133,"column":7}},"loc":{"start":{"line":82,"column":25},"end":{"line":133,"column":7}},"line":82},"9":{"name":"_callee2$","decl":{"start":{"line":82,"column":40},"end":{"line":133,"column":7}},"loc":{"start":{"line":82,"column":40},"end":{"line":133,"column":7}},"line":82}},"f":{"0":21,"1":2,"2":18,"3":3,"4":2,"5":2,"6":4,"7":12,"8":6,"9":17}}
,"C:\\Users\\tanis\\OneDrive\\Desktop\\Talview Practice\\Ecommerce Project\\Server\\queries\\user.queries.js": {"path":"C:\\Users\\tanis\\OneDrive\\Desktop\\Talview Practice\\Ecommerce Project\\Server\\queries\\user.queries.js","all":false,"statementMap":{"0":{"start":{"line":1,"column":0},"end":{"line":1,"column":38}},"1":{"start":{"line":2,"column":0},"end":{"line":2,"column":0}},"2":{"start":{"line":3,"column":0},"end":{"line":3,"column":31}},"3":{"start":{"line":4,"column":0},"end":{"line":4,"column":47}},"4":{"start":{"line":5,"column":0},"end":{"line":5,"column":37}},"5":{"start":{"line":6,"column":0},"end":{"line":6,"column":16}},"6":{"start":{"line":7,"column":0},"end":{"line":7,"column":13}},"7":{"start":{"line":8,"column":0},"end":{"line":8,"column":5}},"8":{"start":{"line":9,"column":0},"end":{"line":9,"column":3}},"9":{"start":{"line":10,"column":0},"end":{"line":10,"column":2}},"10":{"start":{"line":11,"column":0},"end":{"line":11,"column":0}},"11":{"start":{"line":12,"column":0},"end":{"line":12,"column":25}},"12":{"start":{"line":13,"column":0},"end":{"line":13,"column":34}},"13":{"start":{"line":14,"column":0},"end":{"line":14,"column":46}},"14":{"start":{"line":15,"column":0},"end":{"line":15,"column":14}},"15":{"start":{"line":16,"column":0},"end":{"line":16,"column":16}},"16":{"start":{"line":17,"column":0},"end":{"line":17,"column":15}},"17":{"start":{"line":18,"column":0},"end":{"line":18,"column":13}},"18":{"start":{"line":19,"column":0},"end":{"line":19,"column":5}},"19":{"start":{"line":20,"column":0},"end":{"line":20,"column":3}},"20":{"start":{"line":21,"column":0},"end":{"line":21,"column":2}}},"s":{"0":1,"1":1,"2":1,"3":1,"4":1,"5":1,"6":1,"7":1,"8":1,"9":1,"10":1,"11":1,"12":1,"13":1,"14":1,"15":1,"16":1,"17":1,"18":1,"19":1,"20":1},"branchMap":{},"b":{},"fnMap":{},"f":{}}
}
