TN:
SF:config\hasuraClient.js
FNF:0
FNH:0
DA:1,1
DA:2,1
DA:3,1
DA:4,1
DA:5,1
DA:6,1
DA:7,1
DA:8,1
DA:9,1
DA:10,1
DA:11,1
DA:12,1
DA:13,1
LF:13
LH:13
BRF:0
BRH:0
end_of_record
TN:
SF:controllers\user.contollers.js
FN:2,asyncGeneratorStep
FN:2,_asyncToGenerator
FN:2,_next
FN:2,_throw
FN:13,generateJWTToken
FN:20,comparePassword
FN:26,_callee
FN:26,_callee$
FN:82,_callee2
FN:82,_callee2$
FNF:10
FNH:10
FNDA:21,asyncGeneratorStep
FNDA:2,_asyncToGenerator
FNDA:18,_next
FNDA:3,_throw
FNDA:2,generateJWTToken
FNDA:2,comparePassword
FNDA:4,_callee
FNDA:12,_callee$
FNDA:6,_callee2
FNDA:17,_callee2$
DA:1,1
DA:2,3
DA:3,1
DA:4,1
DA:5,1
DA:6,1
DA:7,1
DA:8,1
DA:9,1
DA:10,1
DA:11,1
DA:12,1
DA:13,1
DA:14,2
DA:15,2
DA:16,2
DA:17,2
DA:18,2
DA:19,1
DA:20,1
DA:21,2
DA:22,2
DA:23,2
DA:24,2
DA:25,1
DA:26,1
DA:27,4
DA:28,4
DA:29,4
DA:30,1
DA:31,1
DA:32,1
DA:33,3
DA:34,3
DA:35,3
DA:36,3
DA:37,3
DA:38,3
DA:39,3
DA:40,3
DA:41,3
DA:42,3
DA:43,3
DA:44,3
DA:45,3
DA:46,3
DA:47,3
DA:48,3
DA:49,3
DA:50,1
DA:51,1
DA:52,1
DA:53,1
DA:54,1
DA:55,1
DA:56,1
DA:57,1
DA:58,1
DA:59,1
DA:60,1
DA:61,1
DA:62,1
DA:63,1
DA:64,2
DA:65,2
DA:66,2
DA:67,2
DA:68,2
DA:69,2
DA:70,1
DA:71,1
DA:72,1
DA:73,1
DA:74,1
DA:75,1
DA:76,1
DA:77,1
DA:78,1
DA:79,1
DA:80,1
DA:81,1
DA:82,1
DA:83,6
DA:84,6
DA:85,6
DA:86,6
DA:87,1
DA:88,1
DA:89,1
DA:90,5
DA:91,5
DA:92,5
DA:93,5
DA:94,5
DA:95,4
DA:96,4
DA:97,1
DA:98,1
DA:99,1
DA:100,1
DA:101,1
DA:102,3
DA:103,3
DA:104,3
DA:105,3
DA:106,3
DA:107,1
DA:108,1
DA:109,1
DA:110,1
DA:111,2
DA:112,2
DA:113,2
DA:114,2
DA:115,2
DA:116,1
DA:117,1
DA:118,1
DA:119,1
DA:120,1
DA:121,1
DA:122,1
DA:123,1
DA:124,1
DA:125,1
DA:126,1
DA:127,1
DA:128,1
DA:129,1
DA:130,1
DA:131,1
DA:132,1
DA:133,1
DA:134,1
DA:135,1
DA:136,1
DA:137,1
DA:138,1
DA:139,1
DA:140,1
DA:141,1
LF:141
LH:141
BRDA:2,0,0,21
BRDA:2,1,0,0
BRDA:2,2,0,10
BRDA:2,3,0,11
BRDA:2,4,0,2
BRDA:2,5,0,10
BRDA:2,6,0,10
BRDA:2,7,0,18
BRDA:2,8,0,3
BRDA:13,9,0,2
BRDA:20,10,0,2
BRDA:26,11,0,1
BRDA:26,12,0,4
BRDA:26,13,0,12
BRDA:26,14,0,17
BRDA:26,15,0,4
BRDA:29,16,0,3
BRDA:29,17,0,3
BRDA:29,18,0,3
BRDA:29,19,0,3
BRDA:29,20,0,3
BRDA:29,21,0,3
BRDA:29,22,0,1
BRDA:32,23,0,3
BRDA:37,24,0,3
BRDA:49,25,0,1
BRDA:64,26,0,2
BRDA:68,27,0,1
BRDA:68,28,0,1
BRDA:68,29,0,1
BRDA:68,30,0,1
BRDA:68,31,0,1
BRDA:68,32,0,1
BRDA:68,33,0,1
BRDA:68,34,0,1
BRDA:68,35,0,1
BRDA:69,36,0,1
BRDA:69,37,0,1
BRDA:70,38,0,1
BRDA:73,39,0,1
BRDA:82,40,0,1
BRDA:82,41,0,6
BRDA:82,42,0,17
BRDA:82,43,0,28
BRDA:82,44,0,6
BRDA:86,45,0,5
BRDA:86,46,0,5
BRDA:86,47,0,1
BRDA:89,48,0,5
BRDA:94,49,0,4
BRDA:96,50,0,3
BRDA:96,51,0,1
BRDA:101,52,0,3
BRDA:106,53,0,2
BRDA:106,54,0,1
BRDA:110,55,0,2
BRDA:115,56,0,1
BRDA:128,57,0,1
BRDA:133,58,0,0
BRDA:133,59,0,1
BRDA:139,60,0,0
BRDA:139,61,0,6
BRF:62
BRH:59
end_of_record
TN:
SF:queries\user.queries.js
FNF:0
FNH:0
DA:1,1
DA:2,1
DA:3,1
DA:4,1
DA:5,1
DA:6,1
DA:7,1
DA:8,1
DA:9,1
DA:10,1
DA:11,1
DA:12,1
DA:13,1
DA:14,1
DA:15,1
DA:16,1
DA:17,1
DA:18,1
DA:19,1
DA:20,1
DA:21,1
DA:22,1
DA:23,1
DA:24,1
DA:25,1
DA:26,1
DA:27,1
LF:27
LH:27
BRF:0
BRH:0
end_of_record
