TN:
SF:config\hasuraClient.js
FNF:0
FNH:0
DA:1,1
DA:2,1
DA:3,1
DA:4,1
DA:5,1
DA:6,1
DA:7,1
DA:8,1
DA:9,1
DA:10,1
DA:11,1
DA:12,1
DA:13,1
LF:13
LH:13
BRF:0
BRH:0
end_of_record
TN:
SF:controllers\user.contollers.js
FN:2,asyncGeneratorStep
FN:2,_asyncToGenerator
FN:2,_next
FN:2,_throw
FN:13,generateJWTToken
FN:20,_callee
FN:20,_callee$
FNF:7
FNH:7
FNDA:10,asyncGeneratorStep
FNDA:1,_asyncToGenerator
FNDA:8,_next
FNDA:2,_throw
FNDA:1,generateJWTToken
FNDA:4,_callee
FNDA:12,_callee$
DA:1,1
DA:2,2
DA:3,1
DA:4,1
DA:5,1
DA:6,1
DA:7,1
DA:8,1
DA:9,1
DA:10,1
DA:11,1
DA:12,1
DA:13,1
DA:14,1
DA:15,1
DA:16,1
DA:17,1
DA:18,1
DA:19,1
DA:20,1
DA:21,4
DA:22,4
DA:23,4
DA:24,1
DA:25,1
DA:26,1
DA:27,3
DA:28,3
DA:29,3
DA:30,3
DA:31,3
DA:32,3
DA:33,3
DA:34,3
DA:35,3
DA:36,3
DA:37,3
DA:38,3
DA:39,3
DA:40,3
DA:41,3
DA:42,3
DA:43,3
DA:44,1
DA:45,1
DA:46,1
DA:47,1
DA:48,1
DA:49,1
DA:50,1
DA:51,1
DA:52,1
DA:53,1
DA:54,1
DA:55,1
DA:56,1
DA:57,1
DA:58,1
DA:59,2
DA:60,2
DA:61,2
DA:62,2
DA:63,2
DA:64,2
DA:65,1
DA:66,1
DA:67,1
DA:68,1
DA:69,1
DA:70,1
DA:71,1
DA:72,1
DA:73,1
DA:74,1
DA:75,1
LF:75
LH:75
BRDA:8,0,0,0
BRDA:2,1,0,10
BRDA:2,2,0,0
BRDA:2,3,0,4
BRDA:2,4,0,6
BRDA:2,5,0,1
BRDA:2,6,0,4
BRDA:2,7,0,4
BRDA:2,8,0,8
BRDA:2,9,0,2
BRDA:13,10,0,1
BRDA:20,11,0,1
BRDA:20,12,0,4
BRDA:20,13,0,12
BRDA:20,14,0,17
BRDA:20,15,0,4
BRDA:23,16,0,3
BRDA:23,17,0,3
BRDA:23,18,0,3
BRDA:23,19,0,3
BRDA:23,20,0,3
BRDA:23,21,0,3
BRDA:23,22,0,1
BRDA:26,23,0,3
BRDA:31,24,0,3
BRDA:43,25,0,1
BRDA:59,26,0,2
BRDA:63,27,0,1
BRDA:63,28,0,1
BRDA:63,29,0,1
BRDA:63,30,0,1
BRDA:63,31,0,1
BRDA:63,32,0,1
BRDA:63,33,0,1
BRDA:63,34,0,1
BRDA:63,35,0,1
BRDA:64,36,0,1
BRDA:64,37,0,1
BRDA:65,38,0,1
BRDA:68,39,0,1
BRF:40
BRH:38
end_of_record
TN:
SF:queries\user.queries.js
FNF:0
FNH:0
DA:1,1
DA:2,1
DA:3,1
DA:4,1
DA:5,1
DA:6,1
DA:7,1
DA:8,1
DA:9,1
DA:10,1
LF:10
LH:10
BRF:0
BRH:0
end_of_record
